2012/06/26 09:06:54 [error] [exception.CHttpException.404] exception 'CHttpException' with message 'Unable to resolve the request "GII".' in /var/www/yii/framework/web/CWebApplication.php:280
Stack trace:
#0 /var/www/yii/framework/web/CWebApplication.php(135): CWebApplication->runController('GII')
#1 /var/www/yii/framework/base/CApplication.php(162): CWebApplication->processRequest()
#2 /var/www/testdrive/index.php(13): CApplication->run()
#3 {main}
REQUEST_URI=/testdrive/index.php/GII
---
2012/06/27 09:06:27 [error] [exception.CHttpException.404] exception 'CHttpException' with message 'Unable to resolve the request "LandMaster".' in /var/www/yii/framework/web/CWebApplication.php:280
Stack trace:
#0 /var/www/yii/framework/web/CWebApplication.php(135): CWebApplication->runController('LandMaster')
#1 /var/www/yii/framework/base/CApplication.php(162): CWebApplication->processRequest()
#2 /var/www/testdrive/index.php(13): CApplication->run()
#3 {main}
REQUEST_URI=/testdrive/index.php/LandMaster
---
2012/06/27 18:20:31 [error] [exception.CHttpException.404] exception 'CHttpException' with message 'Unable to resolve the request "Area".' in /var/www/yii/framework/web/CWebApplication.php:280
Stack trace:
#0 /var/www/yii/framework/web/CWebApplication.php(135): CWebApplication->runController('Area')
#1 /var/www/yii/framework/base/CApplication.php(162): CWebApplication->processRequest()
#2 /var/www/testdrive/index.php(13): CApplication->run()
#3 {main}
REQUEST_URI=/testdrive/index.php/Area
---
2012/06/27 18:25:01 [error] [system.db.CDbCommand] CDbCommand::execute() failed: SQLSTATE[23000]: Integrity constraint violation: 1062 Duplicate entry '1' for key 'Land_ID'. The SQL statement executed was: INSERT INTO `LandDetails` (`Land_ID`, `Direction`, `Dimension`, `Description`) VALUES (:yp0, :yp1, :yp2, :yp3).
in /var/www/testdrive/protected/controllers/LandDetailsController.php (72)
in /var/www/testdrive/index.php (13)
2012/06/27 18:25:01 [error] [exception.CDbException] exception 'CDbException' with message 'CDbCommand failed to execute the SQL statement: SQLSTATE[23000]: Integrity constraint violation: 1062 Duplicate entry '1' for key 'Land_ID'. The SQL statement executed was: INSERT INTO `LandDetails` (`Land_ID`, `Direction`, `Dimension`, `Description`) VALUES (:yp0, :yp1, :yp2, :yp3)' in /var/www/yii/framework/db/CDbCommand.php:354
Stack trace:
#0 /var/www/yii/framework/db/ar/CActiveRecord.php(1014): CDbCommand->execute()
#1 /var/www/yii/framework/db/ar/CActiveRecord.php(787): CActiveRecord->insert(NULL)
#2 /var/www/testdrive/protected/controllers/LandDetailsController.php(72): CActiveRecord->save()
#3 /var/www/yii/framework/web/actions/CInlineAction.php(50): LandDetailsController->actionCreate()
#4 /var/www/yii/framework/web/CController.php(309): CInlineAction->runWithParams(Array)
#5 /var/www/yii/framework/web/filters/CFilterChain.php(134): CController->runAction(Object(CInlineAction))
#6 /var/www/yii/framework/web/filters/CFilter.php(41): CFilterChain->run()
#7 /var/www/yii/framework/web/CController.php(1146): CFilter->filter(Object(CFilterChain))
#8 /var/www/yii/framework/web/filters/CInlineFilter.php(59): CController->filterAccessControl(Object(CFilterChain))
#9 /var/www/yii/framework/web/filters/CFilterChain.php(131): CInlineFilter->filter(Object(CFilterChain))
#10 /var/www/yii/framework/web/CController.php(292): CFilterChain->run()
#11 /var/www/yii/framework/web/CController.php(266): CController->runActionWithFilters(Object(CInlineAction), Array)
#12 /var/www/yii/framework/web/CWebApplication.php(276): CController->run('create')
#13 /var/www/yii/framework/web/CWebApplication.php(135): CWebApplication->runController('landDetails/cre...')
#14 /var/www/yii/framework/base/CApplication.php(162): CWebApplication->processRequest()
#15 /var/www/testdrive/index.php(13): CApplication->run()
#16 {main}
REQUEST_URI=/testdrive/index.php/landDetails/create
HTTP_REFERER=http://localhost/testdrive/index.php/landDetails/create
---
2012/06/27 18:28:28 [error] [system.db.CDbCommand] CDbCommand::execute() failed: SQLSTATE[23000]: Integrity constraint violation: 1062 Duplicate entry '1' for key 'Land_ID'. The SQL statement executed was: INSERT INTO `LandDetails` (`Land_ID`, `Direction`, `Dimension`, `Description`) VALUES (:yp0, :yp1, :yp2, :yp3).
in /var/www/testdrive/protected/controllers/LandDetailsController.php (72)
in /var/www/testdrive/index.php (13)
2012/06/27 18:28:28 [error] [exception.CDbException] exception 'CDbException' with message 'CDbCommand failed to execute the SQL statement: SQLSTATE[23000]: Integrity constraint violation: 1062 Duplicate entry '1' for key 'Land_ID'. The SQL statement executed was: INSERT INTO `LandDetails` (`Land_ID`, `Direction`, `Dimension`, `Description`) VALUES (:yp0, :yp1, :yp2, :yp3)' in /var/www/yii/framework/db/CDbCommand.php:354
Stack trace:
#0 /var/www/yii/framework/db/ar/CActiveRecord.php(1014): CDbCommand->execute()
#1 /var/www/yii/framework/db/ar/CActiveRecord.php(787): CActiveRecord->insert(NULL)
#2 /var/www/testdrive/protected/controllers/LandDetailsController.php(72): CActiveRecord->save()
#3 /var/www/yii/framework/web/actions/CInlineAction.php(50): LandDetailsController->actionCreate()
#4 /var/www/yii/framework/web/CController.php(309): CInlineAction->runWithParams(Array)
#5 /var/www/yii/framework/web/filters/CFilterChain.php(134): CController->runAction(Object(CInlineAction))
#6 /var/www/yii/framework/web/filters/CFilter.php(41): CFilterChain->run()
#7 /var/www/yii/framework/web/CController.php(1146): CFilter->filter(Object(CFilterChain))
#8 /var/www/yii/framework/web/filters/CInlineFilter.php(59): CController->filterAccessControl(Object(CFilterChain))
#9 /var/www/yii/framework/web/filters/CFilterChain.php(131): CInlineFilter->filter(Object(CFilterChain))
#10 /var/www/yii/framework/web/CController.php(292): CFilterChain->run()
#11 /var/www/yii/framework/web/CController.php(266): CController->runActionWithFilters(Object(CInlineAction), Array)
#12 /var/www/yii/framework/web/CWebApplication.php(276): CController->run('create')
#13 /var/www/yii/framework/web/CWebApplication.php(135): CWebApplication->runController('landDetails/cre...')
#14 /var/www/yii/framework/base/CApplication.php(162): CWebApplication->processRequest()
#15 /var/www/testdrive/index.php(13): CApplication->run()
#16 {main}
REQUEST_URI=/testdrive/index.php/landDetails/create
HTTP_REFERER=http://localhost/testdrive/index.php/landDetails/create
---
2012/06/27 18:34:30 [error] [system.db.CDbCommand] CDbCommand::execute() failed: SQLSTATE[23000]: Integrity constraint violation: 1452 Cannot add or update a child row: a foreign key constraint fails (`landproperty`.`LandDetails`, CONSTRAINT `LandDetails_ibfk_1` FOREIGN KEY (`Land_ID`) REFERENCES `LandMaster` (`Land_ID`)). The SQL statement executed was: INSERT INTO `LandDetails` (`Land_ID`, `Direction`, `Dimension`, `Description`) VALUES (:yp0, :yp1, :yp2, :yp3).
in /var/www/testdrive/protected/controllers/LandDetailsController.php (72)
in /var/www/testdrive/index.php (13)
2012/06/27 18:34:30 [error] [exception.CDbException] exception 'CDbException' with message 'CDbCommand failed to execute the SQL statement: SQLSTATE[23000]: Integrity constraint violation: 1452 Cannot add or update a child row: a foreign key constraint fails (`landproperty`.`LandDetails`, CONSTRAINT `LandDetails_ibfk_1` FOREIGN KEY (`Land_ID`) REFERENCES `LandMaster` (`Land_ID`)). The SQL statement executed was: INSERT INTO `LandDetails` (`Land_ID`, `Direction`, `Dimension`, `Description`) VALUES (:yp0, :yp1, :yp2, :yp3)' in /var/www/yii/framework/db/CDbCommand.php:354
Stack trace:
#0 /var/www/yii/framework/db/ar/CActiveRecord.php(1014): CDbCommand->execute()
#1 /var/www/yii/framework/db/ar/CActiveRecord.php(787): CActiveRecord->insert(NULL)
#2 /var/www/testdrive/protected/controllers/LandDetailsController.php(72): CActiveRecord->save()
#3 /var/www/yii/framework/web/actions/CInlineAction.php(50): LandDetailsController->actionCreate()
#4 /var/www/yii/framework/web/CController.php(309): CInlineAction->runWithParams(Array)
#5 /var/www/yii/framework/web/filters/CFilterChain.php(134): CController->runAction(Object(CInlineAction))
#6 /var/www/yii/framework/web/filters/CFilter.php(41): CFilterChain->run()
#7 /var/www/yii/framework/web/CController.php(1146): CFilter->filter(Object(CFilterChain))
#8 /var/www/yii/framework/web/filters/CInlineFilter.php(59): CController->filterAccessControl(Object(CFilterChain))
#9 /var/www/yii/framework/web/filters/CFilterChain.php(131): CInlineFilter->filter(Object(CFilterChain))
#10 /var/www/yii/framework/web/CController.php(292): CFilterChain->run()
#11 /var/www/yii/framework/web/CController.php(266): CController->runActionWithFilters(Object(CInlineAction), Array)
#12 /var/www/yii/framework/web/CWebApplication.php(276): CController->run('create')
#13 /var/www/yii/framework/web/CWebApplication.php(135): CWebApplication->runController('landDetails/cre...')
#14 /var/www/yii/framework/base/CApplication.php(162): CWebApplication->processRequest()
#15 /var/www/testdrive/index.php(13): CApplication->run()
#16 {main}
REQUEST_URI=/testdrive/index.php/landDetails/create
HTTP_REFERER=http://localhost/testdrive/index.php/landDetails/create
---
2012/06/27 18:35:12 [error] [system.db.CDbCommand] CDbCommand::execute() failed: SQLSTATE[23000]: Integrity constraint violation: 1062 Duplicate entry '1' for key 'Land_ID'. The SQL statement executed was: INSERT INTO `LandDetails` (`Land_ID`, `Direction`, `Dimension`, `Description`) VALUES (:yp0, :yp1, :yp2, :yp3).
in /var/www/testdrive/protected/controllers/LandDetailsController.php (72)
in /var/www/testdrive/index.php (13)
2012/06/27 18:35:12 [error] [exception.CDbException] exception 'CDbException' with message 'CDbCommand failed to execute the SQL statement: SQLSTATE[23000]: Integrity constraint violation: 1062 Duplicate entry '1' for key 'Land_ID'. The SQL statement executed was: INSERT INTO `LandDetails` (`Land_ID`, `Direction`, `Dimension`, `Description`) VALUES (:yp0, :yp1, :yp2, :yp3)' in /var/www/yii/framework/db/CDbCommand.php:354
Stack trace:
#0 /var/www/yii/framework/db/ar/CActiveRecord.php(1014): CDbCommand->execute()
#1 /var/www/yii/framework/db/ar/CActiveRecord.php(787): CActiveRecord->insert(NULL)
#2 /var/www/testdrive/protected/controllers/LandDetailsController.php(72): CActiveRecord->save()
#3 /var/www/yii/framework/web/actions/CInlineAction.php(50): LandDetailsController->actionCreate()
#4 /var/www/yii/framework/web/CController.php(309): CInlineAction->runWithParams(Array)
#5 /var/www/yii/framework/web/filters/CFilterChain.php(134): CController->runAction(Object(CInlineAction))
#6 /var/www/yii/framework/web/filters/CFilter.php(41): CFilterChain->run()
#7 /var/www/yii/framework/web/CController.php(1146): CFilter->filter(Object(CFilterChain))
#8 /var/www/yii/framework/web/filters/CInlineFilter.php(59): CController->filterAccessControl(Object(CFilterChain))
#9 /var/www/yii/framework/web/filters/CFilterChain.php(131): CInlineFilter->filter(Object(CFilterChain))
#10 /var/www/yii/framework/web/CController.php(292): CFilterChain->run()
#11 /var/www/yii/framework/web/CController.php(266): CController->runActionWithFilters(Object(CInlineAction), Array)
#12 /var/www/yii/framework/web/CWebApplication.php(276): CController->run('create')
#13 /var/www/yii/framework/web/CWebApplication.php(135): CWebApplication->runController('landDetails/cre...')
#14 /var/www/yii/framework/base/CApplication.php(162): CWebApplication->processRequest()
#15 /var/www/testdrive/index.php(13): CApplication->run()
#16 {main}
REQUEST_URI=/testdrive/index.php/landDetails/create
HTTP_REFERER=http://localhost/testdrive/index.php/landDetails/create
---
2012/06/27 18:45:24 [warning] [application] Failed to set unsafe attribute "LandDetailID" of "LandDetails".
in /var/www/testdrive/protected/controllers/LandDetailsController.php (144)
in /var/www/testdrive/index.php (13)
2012/06/27 18:45:28 [warning] [application] Failed to set unsafe attribute "LandDetailID" of "LandDetails".
in /var/www/testdrive/protected/controllers/LandDetailsController.php (144)
in /var/www/testdrive/index.php (13)
2012/06/27 18:45:31 [warning] [application] Failed to set unsafe attribute "LandDetailID" of "LandDetails".
in /var/www/testdrive/protected/controllers/LandDetailsController.php (144)
in /var/www/testdrive/index.php (13)
2012/06/27 18:45:34 [warning] [application] Failed to set unsafe attribute "LandDetailID" of "LandDetails".
in /var/www/testdrive/protected/controllers/LandDetailsController.php (144)
in /var/www/testdrive/index.php (13)
2012/06/27 18:45:38 [warning] [application] Failed to set unsafe attribute "LandDetailID" of "LandDetails".
in /var/www/testdrive/protected/controllers/LandDetailsController.php (144)
in /var/www/testdrive/index.php (13)
2012/06/27 18:46:31 [warning] [application] Failed to set unsafe attribute "CustomerNameArabic" of "CustomerMaster".
in /var/www/testdrive/protected/controllers/CustomerMasterController.php (71)
in /var/www/testdrive/index.php (13)
2012/06/27 18:46:31 [warning] [application] Failed to set unsafe attribute "CustomerNameEnglish" of "CustomerMaster".
in /var/www/testdrive/protected/controllers/CustomerMasterController.php (71)
in /var/www/testdrive/index.php (13)
2012/06/27 18:46:31 [warning] [application] Failed to set unsafe attribute "HomeAddress" of "CustomerMaster".
in /var/www/testdrive/protected/controllers/CustomerMasterController.php (71)
in /var/www/testdrive/index.php (13)
2012/06/27 18:46:31 [warning] [application] Failed to set unsafe attribute "HomePhone" of "CustomerMaster".
in /var/www/testdrive/protected/controllers/CustomerMasterController.php (71)
in /var/www/testdrive/index.php (13)
2012/06/27 18:46:31 [warning] [application] Failed to set unsafe attribute "MobilePhone" of "CustomerMaster".
in /var/www/testdrive/protected/controllers/CustomerMasterController.php (71)
in /var/www/testdrive/index.php (13)
2012/06/27 18:46:31 [warning] [application] Failed to set unsafe attribute "DateofBirth" of "CustomerMaster".
in /var/www/testdrive/protected/controllers/CustomerMasterController.php (71)
in /var/www/testdrive/index.php (13)
2012/06/27 18:46:31 [warning] [application] Failed to set unsafe attribute "Signature" of "CustomerMaster".
in /var/www/testdrive/protected/controllers/CustomerMasterController.php (71)
in /var/www/testdrive/index.php (13)
2012/06/27 18:46:31 [error] [exception.CException] exception 'CException' with message 'Property "CustomerMaster.HomePh" is not defined.' in /var/www/yii/framework/base/CComponent.php:131
Stack trace:
#0 /var/www/yii/framework/db/ar/CActiveRecord.php(144): CComponent->__get('HomePh')
#1 /var/www/yii/framework/validators/CNumberValidator.php(79): CActiveRecord->__get('HomePh')
#2 /var/www/yii/framework/validators/CValidator.php(197): CNumberValidator->validateAttribute(Object(CustomerMaster), 'HomePh')
#3 /var/www/yii/framework/base/CModel.php(158): CValidator->validate(Object(CustomerMaster), NULL)
#4 /var/www/yii/framework/db/ar/CActiveRecord.php(786): CModel->validate(NULL)
#5 /var/www/testdrive/protected/controllers/CustomerMasterController.php(72): CActiveRecord->save()
#6 /var/www/yii/framework/web/actions/CInlineAction.php(50): CustomerMasterController->actionCreate()
#7 /var/www/yii/framework/web/CController.php(309): CInlineAction->runWithParams(Array)
#8 /var/www/yii/framework/web/filters/CFilterChain.php(134): CController->runAction(Object(CInlineAction))
#9 /var/www/yii/framework/web/filters/CFilter.php(41): CFilterChain->run()
#10 /var/www/yii/framework/web/CController.php(1146): CFilter->filter(Object(CFilterChain))
#11 /var/www/yii/framework/web/filters/CInlineFilter.php(59): CController->filterAccessControl(Object(CFilterChain))
#12 /var/www/yii/framework/web/filters/CFilterChain.php(131): CInlineFilter->filter(Object(CFilterChain))
#13 /var/www/yii/framework/web/CController.php(292): CFilterChain->run()
#14 /var/www/yii/framework/web/CController.php(266): CController->runActionWithFilters(Object(CInlineAction), Array)
#15 /var/www/yii/framework/web/CWebApplication.php(276): CController->run('create')
#16 /var/www/yii/framework/web/CWebApplication.php(135): CWebApplication->runController('customerMaster/...')
#17 /var/www/yii/framework/base/CApplication.php(162): CWebApplication->processRequest()
#18 /var/www/testdrive/index.php(13): CApplication->run()
#19 {main}
REQUEST_URI=/testdrive/index.php/customerMaster/create
HTTP_REFERER=http://localhost/testdrive/index.php/customerMaster/create
---
2012/06/27 18:47:29 [warning] [application] Failed to set unsafe attribute "CustomerNameArabic" of "CustomerMaster".
in /var/www/testdrive/protected/controllers/CustomerMasterController.php (71)
in /var/www/testdrive/index.php (13)
2012/06/27 18:47:29 [warning] [application] Failed to set unsafe attribute "CustomerNameEnglish" of "CustomerMaster".
in /var/www/testdrive/protected/controllers/CustomerMasterController.php (71)
in /var/www/testdrive/index.php (13)
2012/06/27 18:47:29 [warning] [application] Failed to set unsafe attribute "HomeAddress" of "CustomerMaster".
in /var/www/testdrive/protected/controllers/CustomerMasterController.php (71)
in /var/www/testdrive/index.php (13)
2012/06/27 18:47:29 [warning] [application] Failed to set unsafe attribute "HomePhone" of "CustomerMaster".
in /var/www/testdrive/protected/controllers/CustomerMasterController.php (71)
in /var/www/testdrive/index.php (13)
2012/06/27 18:47:29 [warning] [application] Failed to set unsafe attribute "MobilePhone" of "CustomerMaster".
in /var/www/testdrive/protected/controllers/CustomerMasterController.php (71)
in /var/www/testdrive/index.php (13)
2012/06/27 18:47:29 [warning] [application] Failed to set unsafe attribute "DateofBirth" of "CustomerMaster".
in /var/www/testdrive/protected/controllers/CustomerMasterController.php (71)
in /var/www/testdrive/index.php (13)
2012/06/27 18:47:29 [warning] [application] Failed to set unsafe attribute "Signature" of "CustomerMaster".
in /var/www/testdrive/protected/controllers/CustomerMasterController.php (71)
in /var/www/testdrive/index.php (13)
2012/06/27 18:47:29 [error] [exception.CException] exception 'CException' with message 'Property "CustomerMaster.HomePh" is not defined.' in /var/www/yii/framework/base/CComponent.php:131
Stack trace:
#0 /var/www/yii/framework/db/ar/CActiveRecord.php(144): CComponent->__get('HomePh')
#1 /var/www/yii/framework/validators/CNumberValidator.php(79): CActiveRecord->__get('HomePh')
#2 /var/www/yii/framework/validators/CValidator.php(197): CNumberValidator->validateAttribute(Object(CustomerMaster), 'HomePh')
#3 /var/www/yii/framework/base/CModel.php(158): CValidator->validate(Object(CustomerMaster), NULL)
#4 /var/www/yii/framework/db/ar/CActiveRecord.php(786): CModel->validate(NULL)
#5 /var/www/testdrive/protected/controllers/CustomerMasterController.php(72): CActiveRecord->save()
#6 /var/www/yii/framework/web/actions/CInlineAction.php(50): CustomerMasterController->actionCreate()
#7 /var/www/yii/framework/web/CController.php(309): CInlineAction->runWithParams(Array)
#8 /var/www/yii/framework/web/filters/CFilterChain.php(134): CController->runAction(Object(CInlineAction))
#9 /var/www/yii/framework/web/filters/CFilter.php(41): CFilterChain->run()
#10 /var/www/yii/framework/web/CController.php(1146): CFilter->filter(Object(CFilterChain))
#11 /var/www/yii/framework/web/filters/CInlineFilter.php(59): CController->filterAccessControl(Object(CFilterChain))
#12 /var/www/yii/framework/web/filters/CFilterChain.php(131): CInlineFilter->filter(Object(CFilterChain))
#13 /var/www/yii/framework/web/CController.php(292): CFilterChain->run()
#14 /var/www/yii/framework/web/CController.php(266): CController->runActionWithFilters(Object(CInlineAction), Array)
#15 /var/www/yii/framework/web/CWebApplication.php(276): CController->run('create')
#16 /var/www/yii/framework/web/CWebApplication.php(135): CWebApplication->runController('customerMaster/...')
#17 /var/www/yii/framework/base/CApplication.php(162): CWebApplication->processRequest()
#18 /var/www/testdrive/index.php(13): CApplication->run()
#19 {main}
REQUEST_URI=/testdrive/index.php/customerMaster/create
HTTP_REFERER=http://localhost/testdrive/index.php/customerMaster/create
---
2012/06/27 18:49:53 [error] [exception.CException] exception 'CException' with message 'Property "CustomerMaster.CustomerNameAr" is not defined.' in /var/www/yii/framework/base/CComponent.php:131
Stack trace:
#0 /var/www/yii/framework/db/ar/CActiveRecord.php(144): CComponent->__get('CustomerNameAr')
#1 /var/www/testdrive/protected/models/CustomerMaster.php(111): CActiveRecord->__get('CustomerNameAr')
#2 /var/www/testdrive/protected/views/customerMaster/admin.php(42): CustomerMaster->search()
#3 /var/www/yii/framework/web/CBaseController.php(127): require('/var/www/testdr...')
#4 /var/www/yii/framework/web/CBaseController.php(96): CBaseController->renderInternal('/var/www/testdr...', Array, true)
#5 /var/www/yii/framework/web/CController.php(870): CBaseController->renderFile('/var/www/testdr...', Array, true)
#6 /var/www/yii/framework/web/CController.php(783): CController->renderPartial('admin', Array, true)
#7 /var/www/testdrive/protected/controllers/CustomerMasterController.php(148): CController->render('admin', Array)
#8 /var/www/yii/framework/web/actions/CInlineAction.php(50): CustomerMasterController->actionAdmin()
#9 /var/www/yii/framework/web/CController.php(309): CInlineAction->runWithParams(Array)
#10 /var/www/yii/framework/web/filters/CFilterChain.php(134): CController->runAction(Object(CInlineAction))
#11 /var/www/yii/framework/web/filters/CFilter.php(41): CFilterChain->run()
#12 /var/www/yii/framework/web/CController.php(1146): CFilter->filter(Object(CFilterChain))
#13 /var/www/yii/framework/web/filters/CInlineFilter.php(59): CController->filterAccessControl(Object(CFilterChain))
#14 /var/www/yii/framework/web/filters/CFilterChain.php(131): CInlineFilter->filter(Object(CFilterChain))
#15 /var/www/yii/framework/web/CController.php(292): CFilterChain->run()
#16 /var/www/yii/framework/web/CController.php(266): CController->runActionWithFilters(Object(CInlineAction), Array)
#17 /var/www/yii/framework/web/CWebApplication.php(276): CController->run('admin')
#18 /var/www/yii/framework/web/CWebApplication.php(135): CWebApplication->runController('customerMaster/...')
#19 /var/www/yii/framework/base/CApplication.php(162): CWebApplication->processRequest()
#20 /var/www/testdrive/index.php(13): CApplication->run()
#21 {main}
REQUEST_URI=/testdrive/index.php/customerMaster/admin
HTTP_REFERER=http://localhost/testdrive/index.php/customerMaster/create
---
2012/06/27 18:53:27 [error] [exception.CException] exception 'CException' with message 'Property "ContractsMaster.ID" is not defined.' in /var/www/yii/framework/base/CComponent.php:131
Stack trace:
#0 /var/www/yii/framework/db/ar/CActiveRecord.php(144): CComponent->__get('ID')
#1 /var/www/yii/framework/validators/CNumberValidator.php(79): CActiveRecord->__get('ID')
#2 /var/www/yii/framework/validators/CValidator.php(197): CNumberValidator->validateAttribute(Object(ContractsMaster), 'ID')
#3 /var/www/yii/framework/base/CModel.php(158): CValidator->validate(Object(ContractsMaster), NULL)
#4 /var/www/yii/framework/db/ar/CActiveRecord.php(786): CModel->validate(NULL)
#5 /var/www/testdrive/protected/controllers/ContractsMasterController.php(72): CActiveRecord->save()
#6 /var/www/yii/framework/web/actions/CInlineAction.php(50): ContractsMasterController->actionCreate()
#7 /var/www/yii/framework/web/CController.php(309): CInlineAction->runWithParams(Array)
#8 /var/www/yii/framework/web/filters/CFilterChain.php(134): CController->runAction(Object(CInlineAction))
#9 /var/www/yii/framework/web/filters/CFilter.php(41): CFilterChain->run()
#10 /var/www/yii/framework/web/CController.php(1146): CFilter->filter(Object(CFilterChain))
#11 /var/www/yii/framework/web/filters/CInlineFilter.php(59): CController->filterAccessControl(Object(CFilterChain))
#12 /var/www/yii/framework/web/filters/CFilterChain.php(131): CInlineFilter->filter(Object(CFilterChain))
#13 /var/www/yii/framework/web/CController.php(292): CFilterChain->run()
#14 /var/www/yii/framework/web/CController.php(266): CController->runActionWithFilters(Object(CInlineAction), Array)
#15 /var/www/yii/framework/web/CWebApplication.php(276): CController->run('create')
#16 /var/www/yii/framework/web/CWebApplication.php(135): CWebApplication->runController('contractsMaster...')
#17 /var/www/yii/framework/base/CApplication.php(162): CWebApplication->processRequest()
#18 /var/www/testdrive/index.php(13): CApplication->run()
#19 {main}
REQUEST_URI=/testdrive/index.php/contractsMaster/create
HTTP_REFERER=http://localhost/testdrive/index.php/contractsMaster/create
---
2012/06/27 18:55:18 [error] [exception.CHttpException.404] exception 'CHttpException' with message 'Unable to resolve the request "contractsDetails".' in /var/www/yii/framework/web/CWebApplication.php:280
Stack trace:
#0 /var/www/yii/framework/web/CWebApplication.php(135): CWebApplication->runController('contractsDetail...')
#1 /var/www/yii/framework/base/CApplication.php(162): CWebApplication->processRequest()
#2 /var/www/testdrive/index.php(13): CApplication->run()
#3 {main}
REQUEST_URI=/testdrive/index.php/contractsDetails
---
2012/06/27 18:55:52 [error] [system.db.CDbCommand] CDbCommand::execute() failed: SQLSTATE[23000]: Integrity constraint violation: 1452 Cannot add or update a child row: a foreign key constraint fails (`landproperty`.`ContractsDetail`, CONSTRAINT `ContractsDetail_ibfk_2` FOREIGN KEY (`CustomerID`) REFERENCES `CustomerMaster` (`CustomerID`)). The SQL statement executed was: INSERT INTO `ContractsDetail` (`ContractID`, `Type`, `CustomerID`, `Share`) VALUES (:yp0, :yp1, :yp2, :yp3).
in /var/www/testdrive/protected/controllers/ContractsDetailController.php (72)
in /var/www/testdrive/index.php (13)
2012/06/27 18:55:52 [error] [exception.CDbException] exception 'CDbException' with message 'CDbCommand failed to execute the SQL statement: SQLSTATE[23000]: Integrity constraint violation: 1452 Cannot add or update a child row: a foreign key constraint fails (`landproperty`.`ContractsDetail`, CONSTRAINT `ContractsDetail_ibfk_2` FOREIGN KEY (`CustomerID`) REFERENCES `CustomerMaster` (`CustomerID`)). The SQL statement executed was: INSERT INTO `ContractsDetail` (`ContractID`, `Type`, `CustomerID`, `Share`) VALUES (:yp0, :yp1, :yp2, :yp3)' in /var/www/yii/framework/db/CDbCommand.php:354
Stack trace:
#0 /var/www/yii/framework/db/ar/CActiveRecord.php(1014): CDbCommand->execute()
#1 /var/www/yii/framework/db/ar/CActiveRecord.php(787): CActiveRecord->insert(NULL)
#2 /var/www/testdrive/protected/controllers/ContractsDetailController.php(72): CActiveRecord->save()
#3 /var/www/yii/framework/web/actions/CInlineAction.php(50): ContractsDetailController->actionCreate()
#4 /var/www/yii/framework/web/CController.php(309): CInlineAction->runWithParams(Array)
#5 /var/www/yii/framework/web/filters/CFilterChain.php(134): CController->runAction(Object(CInlineAction))
#6 /var/www/yii/framework/web/filters/CFilter.php(41): CFilterChain->run()
#7 /var/www/yii/framework/web/CController.php(1146): CFilter->filter(Object(CFilterChain))
#8 /var/www/yii/framework/web/filters/CInlineFilter.php(59): CController->filterAccessControl(Object(CFilterChain))
#9 /var/www/yii/framework/web/filters/CFilterChain.php(131): CInlineFilter->filter(Object(CFilterChain))
#10 /var/www/yii/framework/web/CController.php(292): CFilterChain->run()
#11 /var/www/yii/framework/web/CController.php(266): CController->runActionWithFilters(Object(CInlineAction), Array)
#12 /var/www/yii/framework/web/CWebApplication.php(276): CController->run('create')
#13 /var/www/yii/framework/web/CWebApplication.php(135): CWebApplication->runController('contractsDetail...')
#14 /var/www/yii/framework/base/CApplication.php(162): CWebApplication->processRequest()
#15 /var/www/testdrive/index.php(13): CApplication->run()
#16 {main}
REQUEST_URI=/testdrive/index.php/contractsDetail/create
HTTP_REFERER=http://localhost/testdrive/index.php/contractsDetail/create
---
2012/06/28 09:18:15 [error] [system.db.CDbCommand] CDbCommand::fetchAll() failed: SQLSTATE[42S02]: Base table or view not found: 1146 Table 'landproperty.tbl_user' doesn't exist. The SQL statement executed was: SHOW COLUMNS FROM `tbl_user`.
in /var/www/testdrive/index.php (12)
2012/06/28 09:46:36 [error] [system.db.CDbCommand] CDbCommand::execute() failed: SQLSTATE[23000]: Integrity constraint violation: 1452 Cannot add or update a child row: a foreign key constraint fails (`landproperty`.`CustomerDocs`, CONSTRAINT `CustomerDocs_ibfk_1` FOREIGN KEY (`CustomerID`) REFERENCES `CustomerMaster` (`CustomerID`)). The SQL statement executed was: INSERT INTO `CustomerDocs` (`CustomerID`, `DocType`, `DocNumber`, `IssueDate`, `ExpiryDate`, `DocImage`) VALUES (:yp0, :yp1, :yp2, :yp3, :yp4, :yp5).
in /var/www/testdrive/protected/controllers/CustomerDocsController.php (72)
in /var/www/testdrive/index.php (12)
2012/06/28 09:46:36 [error] [exception.CDbException] exception 'CDbException' with message 'CDbCommand failed to execute the SQL statement: SQLSTATE[23000]: Integrity constraint violation: 1452 Cannot add or update a child row: a foreign key constraint fails (`landproperty`.`CustomerDocs`, CONSTRAINT `CustomerDocs_ibfk_1` FOREIGN KEY (`CustomerID`) REFERENCES `CustomerMaster` (`CustomerID`)). The SQL statement executed was: INSERT INTO `CustomerDocs` (`CustomerID`, `DocType`, `DocNumber`, `IssueDate`, `ExpiryDate`, `DocImage`) VALUES (:yp0, :yp1, :yp2, :yp3, :yp4, :yp5)' in /var/www/yii/framework/db/CDbCommand.php:354
Stack trace:
#0 /var/www/yii/framework/db/ar/CActiveRecord.php(1014): CDbCommand->execute()
#1 /var/www/yii/framework/db/ar/CActiveRecord.php(787): CActiveRecord->insert(NULL)
#2 /var/www/testdrive/protected/controllers/CustomerDocsController.php(72): CActiveRecord->save()
#3 /var/www/yii/framework/web/actions/CInlineAction.php(50): CustomerDocsController->actionCreate()
#4 /var/www/yii/framework/web/CController.php(309): CInlineAction->runWithParams(Array)
#5 /var/www/yii/framework/web/filters/CFilterChain.php(134): CController->runAction(Object(CInlineAction))
#6 /var/www/yii/framework/web/filters/CFilter.php(41): CFilterChain->run()
#7 /var/www/yii/framework/web/CController.php(1146): CFilter->filter(Object(CFilterChain))
#8 /var/www/yii/framework/web/filters/CInlineFilter.php(59): CController->filterAccessControl(Object(CFilterChain))
#9 /var/www/yii/framework/web/filters/CFilterChain.php(131): CInlineFilter->filter(Object(CFilterChain))
#10 /var/www/yii/framework/web/CController.php(292): CFilterChain->run()
#11 /var/www/yii/framework/web/CController.php(266): CController->runActionWithFilters(Object(CInlineAction), Array)
#12 /var/www/yii/framework/web/CWebApplication.php(276): CController->run('create')
#13 /var/www/yii/framework/web/CWebApplication.php(135): CWebApplication->runController('customerDocs/cr...')
#14 /var/www/yii/framework/base/CApplication.php(162): CWebApplication->processRequest()
#15 /var/www/testdrive/index.php(12): CApplication->run()
#16 {main}
REQUEST_URI=/testdrive/index.php/customerDocs/create
HTTP_REFERER=http://localhost/testdrive/index.php/customerDocs/create
---
2012/06/30 01:58:25 [error] [exception.CHttpException.404] exception 'CHttpException' with message 'Unable to resolve the request "contractsDetails".' in /var/www/yii/framework/web/CWebApplication.php:280
Stack trace:
#0 /var/www/yii/framework/web/CWebApplication.php(135): CWebApplication->runController('contractsDetail...')
#1 /var/www/yii/framework/base/CApplication.php(162): CWebApplication->processRequest()
#2 /var/www/testdrive/index.php(12): CApplication->run()
#3 {main}
REQUEST_URI=/testdrive/index.php/contractsDetails
---
2012/06/30 01:59:24 [error] [system.db.CDbCommand] CDbCommand::execute() failed: SQLSTATE[23000]: Integrity constraint violation: 1452 Cannot add or update a child row: a foreign key constraint fails (`landproperty`.`ContractsDetail`, CONSTRAINT `ContractsDetail_ibfk_2` FOREIGN KEY (`CustomerID`) REFERENCES `CustomerMaster` (`CustomerID`)). The SQL statement executed was: INSERT INTO `ContractsDetail` (`ContractID`, `Type`, `CustomerID`, `Share`) VALUES (:yp0, :yp1, :yp2, :yp3).
in /var/www/testdrive/protected/controllers/ContractsDetailController.php (72)
in /var/www/testdrive/index.php (12)
2012/06/30 01:59:24 [error] [exception.CDbException] exception 'CDbException' with message 'CDbCommand failed to execute the SQL statement: SQLSTATE[23000]: Integrity constraint violation: 1452 Cannot add or update a child row: a foreign key constraint fails (`landproperty`.`ContractsDetail`, CONSTRAINT `ContractsDetail_ibfk_2` FOREIGN KEY (`CustomerID`) REFERENCES `CustomerMaster` (`CustomerID`)). The SQL statement executed was: INSERT INTO `ContractsDetail` (`ContractID`, `Type`, `CustomerID`, `Share`) VALUES (:yp0, :yp1, :yp2, :yp3)' in /var/www/yii/framework/db/CDbCommand.php:354
Stack trace:
#0 /var/www/yii/framework/db/ar/CActiveRecord.php(1014): CDbCommand->execute()
#1 /var/www/yii/framework/db/ar/CActiveRecord.php(787): CActiveRecord->insert(NULL)
#2 /var/www/testdrive/protected/controllers/ContractsDetailController.php(72): CActiveRecord->save()
#3 /var/www/yii/framework/web/actions/CInlineAction.php(50): ContractsDetailController->actionCreate()
#4 /var/www/yii/framework/web/CController.php(309): CInlineAction->runWithParams(Array)
#5 /var/www/yii/framework/web/filters/CFilterChain.php(134): CController->runAction(Object(CInlineAction))
#6 /var/www/yii/framework/web/filters/CFilter.php(41): CFilterChain->run()
#7 /var/www/yii/framework/web/CController.php(1146): CFilter->filter(Object(CFilterChain))
#8 /var/www/yii/framework/web/filters/CInlineFilter.php(59): CController->filterAccessControl(Object(CFilterChain))
#9 /var/www/yii/framework/web/filters/CFilterChain.php(131): CInlineFilter->filter(Object(CFilterChain))
#10 /var/www/yii/framework/web/CController.php(292): CFilterChain->run()
#11 /var/www/yii/framework/web/CController.php(266): CController->runActionWithFilters(Object(CInlineAction), Array)
#12 /var/www/yii/framework/web/CWebApplication.php(276): CController->run('create')
#13 /var/www/yii/framework/web/CWebApplication.php(135): CWebApplication->runController('contractsDetail...')
#14 /var/www/yii/framework/base/CApplication.php(162): CWebApplication->processRequest()
#15 /var/www/testdrive/index.php(12): CApplication->run()
#16 {main}
REQUEST_URI=/testdrive/index.php/contractsDetail/create
HTTP_REFERER=http://localhost/testdrive/index.php/contractsDetail/create
---
2012/07/01 07:51:03 [error] [system.db.CDbCommand] CDbCommand::fetchAll() failed: SQLSTATE[42S02]: Base table or view not found: 1146 Table 'landproperty.tbl_user' doesn't exist. The SQL statement executed was: SHOW COLUMNS FROM `tbl_user`.
in /var/www/testdrive/protected/controllers/UserController.php (130)
in /var/www/testdrive/index.php (12)
2012/07/01 07:51:03 [error] [exception.CDbException] exception 'CDbException' with message 'The table "tbl_user" for active record class "User" cannot be found in the database.' in /var/www/yii/framework/db/ar/CActiveRecord.php:2264
Stack trace:
#0 /var/www/yii/framework/db/ar/CActiveRecord.php(379): CActiveRecordMetaData->__construct(Object(User))
#1 /var/www/yii/framework/web/CActiveDataProvider.php(75): CActiveRecord::model('User')
#2 /var/www/testdrive/protected/controllers/UserController.php(130): CActiveDataProvider->__construct('User')
#3 /var/www/yii/framework/web/actions/CInlineAction.php(50): UserController->actionIndex()
#4 /var/www/yii/framework/web/CController.php(309): CInlineAction->runWithParams(Array)
#5 /var/www/yii/framework/web/filters/CFilterChain.php(134): CController->runAction(Object(CInlineAction))
#6 /var/www/yii/framework/web/filters/CFilter.php(41): CFilterChain->run()
#7 /var/www/yii/framework/web/CController.php(1146): CFilter->filter(Object(CFilterChain))
#8 /var/www/yii/framework/web/filters/CInlineFilter.php(59): CController->filterAccessControl(Object(CFilterChain))
#9 /var/www/yii/framework/web/filters/CFilterChain.php(131): CInlineFilter->filter(Object(CFilterChain))
#10 /var/www/yii/framework/web/CController.php(292): CFilterChain->run()
#11 /var/www/yii/framework/web/CController.php(266): CController->runActionWithFilters(Object(CInlineAction), Array)
#12 /var/www/yii/framework/web/CWebApplication.php(276): CController->run('')
#13 /var/www/yii/framework/web/CWebApplication.php(135): CWebApplication->runController('User')
#14 /var/www/yii/framework/base/CApplication.php(162): CWebApplication->processRequest()
#15 /var/www/testdrive/index.php(12): CApplication->run()
#16 {main}
REQUEST_URI=/testdrive/index.php/User
---
2012/07/01 07:51:33 [error] [exception.CException] exception 'CException' with message 'Property "MortgageMaster.id" is not defined.' in /var/www/yii/framework/base/CComponent.php:131
Stack trace:
#0 /var/www/yii/framework/db/ar/CActiveRecord.php(144): CComponent->__get('id')
#1 /var/www/testdrive/protected/models/MortgageMaster.php(96): CActiveRecord->__get('id')
#2 /var/www/testdrive/protected/views/mortgageMaster/admin.php(42): MortgageMaster->search()
#3 /var/www/yii/framework/web/CBaseController.php(127): require('/var/www/testdr...')
#4 /var/www/yii/framework/web/CBaseController.php(96): CBaseController->renderInternal('/var/www/testdr...', Array, true)
#5 /var/www/yii/framework/web/CController.php(870): CBaseController->renderFile('/var/www/testdr...', Array, true)
#6 /var/www/yii/framework/web/CController.php(783): CController->renderPartial('admin', Array, true)
#7 /var/www/testdrive/protected/controllers/MortgageMasterController.php(148): CController->render('admin', Array)
#8 /var/www/yii/framework/web/actions/CInlineAction.php(50): MortgageMasterController->actionAdmin()
#9 /var/www/yii/framework/web/CController.php(309): CInlineAction->runWithParams(Array)
#10 /var/www/yii/framework/web/filters/CFilterChain.php(134): CController->runAction(Object(CInlineAction))
#11 /var/www/yii/framework/web/filters/CFilter.php(41): CFilterChain->run()
#12 /var/www/yii/framework/web/CController.php(1146): CFilter->filter(Object(CFilterChain))
#13 /var/www/yii/framework/web/filters/CInlineFilter.php(59): CController->filterAccessControl(Object(CFilterChain))
#14 /var/www/yii/framework/web/filters/CFilterChain.php(131): CInlineFilter->filter(Object(CFilterChain))
#15 /var/www/yii/framework/web/CController.php(292): CFilterChain->run()
#16 /var/www/yii/framework/web/CController.php(266): CController->runActionWithFilters(Object(CInlineAction), Array)
#17 /var/www/yii/framework/web/CWebApplication.php(276): CController->run('admin')
#18 /var/www/yii/framework/web/CWebApplication.php(135): CWebApplication->runController('mortgageMaster/...')
#19 /var/www/yii/framework/base/CApplication.php(162): CWebApplication->processRequest()
#20 /var/www/testdrive/index.php(12): CApplication->run()
#21 {main}
REQUEST_URI=/testdrive/index.php/mortgageMaster/admin
HTTP_REFERER=http://localhost/testdrive/index.php/site/login
---
2012/07/01 07:57:25 [warning] [application] Failed to set unsafe attribute "MortgageID" of "MortgageDetails".
in /var/www/testdrive/protected/controllers/MortgageDetailsController.php (71)
in /var/www/testdrive/index.php (12)
2012/07/01 07:57:25 [warning] [application] Failed to set unsafe attribute "PeriodOfTime" of "MortgageDetails".
in /var/www/testdrive/protected/controllers/MortgageDetailsController.php (71)
in /var/www/testdrive/index.php (12)
2012/07/01 07:57:25 [warning] [application] Failed to set unsafe attribute "FeesCharged" of "MortgageDetails".
in /var/www/testdrive/protected/controllers/MortgageDetailsController.php (71)
in /var/www/testdrive/index.php (12)
2012/07/01 07:57:25 [error] [exception.CException] exception 'CException' with message 'Property "MortgageDetails.id" is not defined.' in /var/www/yii/framework/base/CComponent.php:131
Stack trace:
#0 /var/www/yii/framework/db/ar/CActiveRecord.php(144): CComponent->__get('id')
#1 /var/www/yii/framework/validators/CNumberValidator.php(79): CActiveRecord->__get('id')
#2 /var/www/yii/framework/validators/CValidator.php(197): CNumberValidator->validateAttribute(Object(MortgageDetails), 'id')
#3 /var/www/yii/framework/base/CModel.php(158): CValidator->validate(Object(MortgageDetails), NULL)
#4 /var/www/yii/framework/db/ar/CActiveRecord.php(786): CModel->validate(NULL)
#5 /var/www/testdrive/protected/controllers/MortgageDetailsController.php(72): CActiveRecord->save()
#6 /var/www/yii/framework/web/actions/CInlineAction.php(50): MortgageDetailsController->actionCreate()
#7 /var/www/yii/framework/web/CController.php(309): CInlineAction->runWithParams(Array)
#8 /var/www/yii/framework/web/filters/CFilterChain.php(134): CController->runAction(Object(CInlineAction))
#9 /var/www/yii/framework/web/filters/CFilter.php(41): CFilterChain->run()
#10 /var/www/yii/framework/web/CController.php(1146): CFilter->filter(Object(CFilterChain))
#11 /var/www/yii/framework/web/filters/CInlineFilter.php(59): CController->filterAccessControl(Object(CFilterChain))
#12 /var/www/yii/framework/web/filters/CFilterChain.php(131): CInlineFilter->filter(Object(CFilterChain))
#13 /var/www/yii/framework/web/CController.php(292): CFilterChain->run()
#14 /var/www/yii/framework/web/CController.php(266): CController->runActionWithFilters(Object(CInlineAction), Array)
#15 /var/www/yii/framework/web/CWebApplication.php(276): CController->run('create')
#16 /var/www/yii/framework/web/CWebApplication.php(135): CWebApplication->runController('mortgageDetails...')
#17 /var/www/yii/framework/base/CApplication.php(162): CWebApplication->processRequest()
#18 /var/www/testdrive/index.php(12): CApplication->run()
#19 {main}
REQUEST_URI=/testdrive/index.php/mortgageDetails/create
HTTP_REFERER=http://localhost/testdrive/index.php/mortgageDetails/create
---
2012/07/01 07:58:01 [warning] [application] Failed to set unsafe attribute "MortgageID" of "MortgageDetails".
in /var/www/testdrive/protected/controllers/MortgageDetailsController.php (71)
in /var/www/testdrive/index.php (12)
2012/07/01 07:58:01 [warning] [application] Failed to set unsafe attribute "PeriodOfTime" of "MortgageDetails".
in /var/www/testdrive/protected/controllers/MortgageDetailsController.php (71)
in /var/www/testdrive/index.php (12)
2012/07/01 07:58:01 [warning] [application] Failed to set unsafe attribute "FeesCharged" of "MortgageDetails".
in /var/www/testdrive/protected/controllers/MortgageDetailsController.php (71)
in /var/www/testdrive/index.php (12)
2012/07/01 07:58:01 [error] [exception.CException] exception 'CException' with message 'Property "MortgageDetails.id" is not defined.' in /var/www/yii/framework/base/CComponent.php:131
Stack trace:
#0 /var/www/yii/framework/db/ar/CActiveRecord.php(144): CComponent->__get('id')
#1 /var/www/yii/framework/validators/CNumberValidator.php(79): CActiveRecord->__get('id')
#2 /var/www/yii/framework/validators/CValidator.php(197): CNumberValidator->validateAttribute(Object(MortgageDetails), 'id')
#3 /var/www/yii/framework/base/CModel.php(158): CValidator->validate(Object(MortgageDetails), NULL)
#4 /var/www/yii/framework/db/ar/CActiveRecord.php(786): CModel->validate(NULL)
#5 /var/www/testdrive/protected/controllers/MortgageDetailsController.php(72): CActiveRecord->save()
#6 /var/www/yii/framework/web/actions/CInlineAction.php(50): MortgageDetailsController->actionCreate()
#7 /var/www/yii/framework/web/CController.php(309): CInlineAction->runWithParams(Array)
#8 /var/www/yii/framework/web/filters/CFilterChain.php(134): CController->runAction(Object(CInlineAction))
#9 /var/www/yii/framework/web/filters/CFilter.php(41): CFilterChain->run()
#10 /var/www/yii/framework/web/CController.php(1146): CFilter->filter(Object(CFilterChain))
#11 /var/www/yii/framework/web/filters/CInlineFilter.php(59): CController->filterAccessControl(Object(CFilterChain))
#12 /var/www/yii/framework/web/filters/CFilterChain.php(131): CInlineFilter->filter(Object(CFilterChain))
#13 /var/www/yii/framework/web/CController.php(292): CFilterChain->run()
#14 /var/www/yii/framework/web/CController.php(266): CController->runActionWithFilters(Object(CInlineAction), Array)
#15 /var/www/yii/framework/web/CWebApplication.php(276): CController->run('create')
#16 /var/www/yii/framework/web/CWebApplication.php(135): CWebApplication->runController('mortgageDetails...')
#17 /var/www/yii/framework/base/CApplication.php(162): CWebApplication->processRequest()
#18 /var/www/testdrive/index.php(12): CApplication->run()
#19 {main}
REQUEST_URI=/testdrive/index.php/mortgageDetails/create
HTTP_REFERER=http://localhost/testdrive/index.php/mortgageDetails/create
---
2012/07/01 07:59:36 [error] [system.db.CDbCommand] CDbCommand::execute() failed: SQLSTATE[23000]: Integrity constraint violation: 1452 Cannot add or update a child row: a foreign key constraint fails (`landproperty`.`MortgageDetails`, CONSTRAINT `MortgageDetails_ibfk_1` FOREIGN KEY (`MortgageID`) REFERENCES `MortgageMaster` (`MortgageID`)). The SQL statement executed was: INSERT INTO `MortgageDetails` (`MortgageID`, `TotalAmount`, `Mortgager`, `PeriodOfTime`, `DateCreated`, `DateClosed`, `FeesCharged`) VALUES (:yp0, :yp1, :yp2, :yp3, :yp4, :yp5, :yp6).
in /var/www/testdrive/protected/controllers/MortgageDetailsController.php (72)
in /var/www/testdrive/index.php (12)
2012/07/01 07:59:36 [error] [exception.CDbException] exception 'CDbException' with message 'CDbCommand failed to execute the SQL statement: SQLSTATE[23000]: Integrity constraint violation: 1452 Cannot add or update a child row: a foreign key constraint fails (`landproperty`.`MortgageDetails`, CONSTRAINT `MortgageDetails_ibfk_1` FOREIGN KEY (`MortgageID`) REFERENCES `MortgageMaster` (`MortgageID`)). The SQL statement executed was: INSERT INTO `MortgageDetails` (`MortgageID`, `TotalAmount`, `Mortgager`, `PeriodOfTime`, `DateCreated`, `DateClosed`, `FeesCharged`) VALUES (:yp0, :yp1, :yp2, :yp3, :yp4, :yp5, :yp6)' in /var/www/yii/framework/db/CDbCommand.php:354
Stack trace:
#0 /var/www/yii/framework/db/ar/CActiveRecord.php(1014): CDbCommand->execute()
#1 /var/www/yii/framework/db/ar/CActiveRecord.php(787): CActiveRecord->insert(NULL)
#2 /var/www/testdrive/protected/controllers/MortgageDetailsController.php(72): CActiveRecord->save()
#3 /var/www/yii/framework/web/actions/CInlineAction.php(50): MortgageDetailsController->actionCreate()
#4 /var/www/yii/framework/web/CController.php(309): CInlineAction->runWithParams(Array)
#5 /var/www/yii/framework/web/filters/CFilterChain.php(134): CController->runAction(Object(CInlineAction))
#6 /var/www/yii/framework/web/filters/CFilter.php(41): CFilterChain->run()
#7 /var/www/yii/framework/web/CController.php(1146): CFilter->filter(Object(CFilterChain))
#8 /var/www/yii/framework/web/filters/CInlineFilter.php(59): CController->filterAccessControl(Object(CFilterChain))
#9 /var/www/yii/framework/web/filters/CFilterChain.php(131): CInlineFilter->filter(Object(CFilterChain))
#10 /var/www/yii/framework/web/CController.php(292): CFilterChain->run()
#11 /var/www/yii/framework/web/CController.php(266): CController->runActionWithFilters(Object(CInlineAction), Array)
#12 /var/www/yii/framework/web/CWebApplication.php(276): CController->run('create')
#13 /var/www/yii/framework/web/CWebApplication.php(135): CWebApplication->runController('mortgageDetails...')
#14 /var/www/yii/framework/base/CApplication.php(162): CWebApplication->processRequest()
#15 /var/www/testdrive/index.php(12): CApplication->run()
#16 {main}
REQUEST_URI=/testdrive/index.php/mortgageDetails/create
HTTP_REFERER=http://localhost/testdrive/index.php/mortgageDetails/create
---
2012/07/01 08:22:00 [error] [exception.CHttpException.403] exception 'CHttpException' with message 'You are not authorized to perform this action.' in /var/www/yii/framework/web/auth/CAccessControlFilter.php:157
Stack trace:
#0 /var/www/yii/framework/web/auth/CAccessControlFilter.php(120): CAccessControlFilter->accessDenied(Object(CWebUser), 'You are not aut...')
#1 /var/www/yii/framework/web/filters/CFilter.php(39): CAccessControlFilter->preFilter(Object(CFilterChain))
#2 /var/www/yii/framework/web/CController.php(1146): CFilter->filter(Object(CFilterChain))
#3 /var/www/yii/framework/web/filters/CInlineFilter.php(59): CController->filterAccessControl(Object(CFilterChain))
#4 /var/www/yii/framework/web/filters/CFilterChain.php(131): CInlineFilter->filter(Object(CFilterChain))
#5 /var/www/yii/framework/web/CController.php(292): CFilterChain->run()
#6 /var/www/yii/framework/web/CController.php(266): CController->runActionWithFilters(Object(CInlineAction), Array)
#7 /var/www/yii/framework/web/CWebApplication.php(276): CController->run('omar')
#8 /var/www/yii/framework/web/CWebApplication.php(135): CWebApplication->runController('LandMaster/omar')
#9 /var/www/yii/framework/base/CApplication.php(162): CWebApplication->processRequest()
#10 /var/www/testdrive/index.php(12): CApplication->run()
#11 {main}
REQUEST_URI=/testdrive/index.php/LandMaster/omar
HTTP_REFERER=http://localhost/testdrive/index.php/site/login
---
2012/07/01 08:22:06 [error] [exception.CHttpException.403] exception 'CHttpException' with message 'You are not authorized to perform this action.' in /var/www/yii/framework/web/auth/CAccessControlFilter.php:157
Stack trace:
#0 /var/www/yii/framework/web/auth/CAccessControlFilter.php(120): CAccessControlFilter->accessDenied(Object(CWebUser), 'You are not aut...')
#1 /var/www/yii/framework/web/filters/CFilter.php(39): CAccessControlFilter->preFilter(Object(CFilterChain))
#2 /var/www/yii/framework/web/CController.php(1146): CFilter->filter(Object(CFilterChain))
#3 /var/www/yii/framework/web/filters/CInlineFilter.php(59): CController->filterAccessControl(Object(CFilterChain))
#4 /var/www/yii/framework/web/filters/CFilterChain.php(131): CInlineFilter->filter(Object(CFilterChain))
#5 /var/www/yii/framework/web/CController.php(292): CFilterChain->run()
#6 /var/www/yii/framework/web/CController.php(266): CController->runActionWithFilters(Object(CInlineAction), Array)
#7 /var/www/yii/framework/web/CWebApplication.php(276): CController->run('omar')
#8 /var/www/yii/framework/web/CWebApplication.php(135): CWebApplication->runController('LandMaster/omar')
#9 /var/www/yii/framework/base/CApplication.php(162): CWebApplication->processRequest()
#10 /var/www/testdrive/index.php(12): CApplication->run()
#11 {main}
REQUEST_URI=/testdrive/index.php/LandMaster/omar
---
2012/07/01 08:22:22 [error] [exception.CHttpException.403] exception 'CHttpException' with message 'You are not authorized to perform this action.' in /var/www/yii/framework/web/auth/CAccessControlFilter.php:157
Stack trace:
#0 /var/www/yii/framework/web/auth/CAccessControlFilter.php(120): CAccessControlFilter->accessDenied(Object(CWebUser), 'You are not aut...')
#1 /var/www/yii/framework/web/filters/CFilter.php(39): CAccessControlFilter->preFilter(Object(CFilterChain))
#2 /var/www/yii/framework/web/CController.php(1146): CFilter->filter(Object(CFilterChain))
#3 /var/www/yii/framework/web/filters/CInlineFilter.php(59): CController->filterAccessControl(Object(CFilterChain))
#4 /var/www/yii/framework/web/filters/CFilterChain.php(131): CInlineFilter->filter(Object(CFilterChain))
#5 /var/www/yii/framework/web/CController.php(292): CFilterChain->run()
#6 /var/www/yii/framework/web/CController.php(266): CController->runActionWithFilters(Object(CInlineAction), Array)
#7 /var/www/yii/framework/web/CWebApplication.php(276): CController->run('omar')
#8 /var/www/yii/framework/web/CWebApplication.php(135): CWebApplication->runController('LandMaster/omar')
#9 /var/www/yii/framework/base/CApplication.php(162): CWebApplication->processRequest()
#10 /var/www/testdrive/index.php(12): CApplication->run()
#11 {main}
REQUEST_URI=/testdrive/index.php/LandMaster/omar
HTTP_REFERER=http://localhost/testdrive/index.php/site/login
---
2012/07/01 08:23:25 [error] [exception.CHttpException.404] exception 'CHttpException' with message 'Unable to resolve the request "omar".' in /var/www/yii/framework/web/CWebApplication.php:280
Stack trace:
#0 /var/www/yii/framework/web/CWebApplication.php(135): CWebApplication->runController('omar')
#1 /var/www/yii/framework/base/CApplication.php(162): CWebApplication->processRequest()
#2 /var/www/testdrive/index.php(12): CApplication->run()
#3 {main}
REQUEST_URI=/testdrive/index.php/omar
---
2012/07/01 08:56:09 [error] [exception.CHttpException.403] exception 'CHttpException' with message 'You are not authorized to perform this action.' in /var/www/yii/framework/web/auth/CAccessControlFilter.php:157
Stack trace:
#0 /var/www/yii/framework/web/auth/CAccessControlFilter.php(120): CAccessControlFilter->accessDenied(Object(CWebUser), 'You are not aut...')
#1 /var/www/yii/framework/web/filters/CFilter.php(39): CAccessControlFilter->preFilter(Object(CFilterChain))
#2 /var/www/yii/framework/web/CController.php(1146): CFilter->filter(Object(CFilterChain))
#3 /var/www/yii/framework/web/filters/CInlineFilter.php(59): CController->filterAccessControl(Object(CFilterChain))
#4 /var/www/yii/framework/web/filters/CFilterChain.php(131): CInlineFilter->filter(Object(CFilterChain))
#5 /var/www/yii/framework/web/CController.php(292): CFilterChain->run()
#6 /var/www/yii/framework/web/CController.php(266): CController->runActionWithFilters(Object(CInlineAction), Array)
#7 /var/www/yii/framework/web/CWebApplication.php(276): CController->run('admin')
#8 /var/www/yii/framework/web/CWebApplication.php(135): CWebApplication->runController('deedDetails/adm...')
#9 /var/www/yii/framework/base/CApplication.php(162): CWebApplication->processRequest()
#10 /var/www/testdrive/index.php(12): CApplication->run()
#11 {main}
REQUEST_URI=/testdrive/index.php/deedDetails/admin
HTTP_REFERER=http://localhost/testdrive/index.php/deedDetails/2
---
2012/07/01 08:56:15 [error] [exception.CHttpException.403] exception 'CHttpException' with message 'You are not authorized to perform this action.' in /var/www/yii/framework/web/auth/CAccessControlFilter.php:157
Stack trace:
#0 /var/www/yii/framework/web/auth/CAccessControlFilter.php(120): CAccessControlFilter->accessDenied(Object(CWebUser), 'You are not aut...')
#1 /var/www/yii/framework/web/filters/CFilter.php(39): CAccessControlFilter->preFilter(Object(CFilterChain))
#2 /var/www/yii/framework/web/CController.php(1146): CFilter->filter(Object(CFilterChain))
#3 /var/www/yii/framework/web/filters/CInlineFilter.php(59): CController->filterAccessControl(Object(CFilterChain))
#4 /var/www/yii/framework/web/filters/CFilterChain.php(131): CInlineFilter->filter(Object(CFilterChain))
#5 /var/www/yii/framework/web/CController.php(292): CFilterChain->run()
#6 /var/www/yii/framework/web/CController.php(266): CController->runActionWithFilters(Object(CInlineAction), Array)
#7 /var/www/yii/framework/web/CWebApplication.php(276): CController->run('admin')
#8 /var/www/yii/framework/web/CWebApplication.php(135): CWebApplication->runController('deedDetails/adm...')
#9 /var/www/yii/framework/base/CApplication.php(162): CWebApplication->processRequest()
#10 /var/www/testdrive/index.php(12): CApplication->run()
#11 {main}
REQUEST_URI=/testdrive/index.php/deedDetails/admin
---
2012/07/01 09:05:32 [error] [exception.CHttpException.403] exception 'CHttpException' with message 'You are not authorized to perform this action.' in /var/www/yii/framework/web/auth/CAccessControlFilter.php:157
Stack trace:
#0 /var/www/yii/framework/web/auth/CAccessControlFilter.php(120): CAccessControlFilter->accessDenied(Object(CWebUser), 'You are not aut...')
#1 /var/www/yii/framework/web/filters/CFilter.php(39): CAccessControlFilter->preFilter(Object(CFilterChain))
#2 /var/www/yii/framework/web/CController.php(1146): CFilter->filter(Object(CFilterChain))
#3 /var/www/yii/framework/web/filters/CInlineFilter.php(59): CController->filterAccessControl(Object(CFilterChain))
#4 /var/www/yii/framework/web/filters/CFilterChain.php(131): CInlineFilter->filter(Object(CFilterChain))
#5 /var/www/yii/framework/web/CController.php(292): CFilterChain->run()
#6 /var/www/yii/framework/web/CController.php(266): CController->runActionWithFilters(Object(CInlineAction), Array)
#7 /var/www/yii/framework/web/CWebApplication.php(276): CController->run('admin')
#8 /var/www/yii/framework/web/CWebApplication.php(135): CWebApplication->runController('deedDetails/adm...')
#9 /var/www/yii/framework/base/CApplication.php(162): CWebApplication->processRequest()
#10 /var/www/testdrive/index.php(12): CApplication->run()
#11 {main}
REQUEST_URI=/testdrive/index.php/deedDetails/admin
HTTP_REFERER=http://localhost/testdrive/index.php/deedDetails/
---
2012/07/01 11:36:55 [error] [exception.CHttpException.404] exception 'CHttpException' with message 'The system is unable to find the requested action "omar".' in /var/www/yii/framework/web/CController.php:484
Stack trace:
#0 /var/www/yii/framework/web/CController.php(271): CController->missingAction('omar')
#1 /var/www/yii/framework/web/CWebApplication.php(276): CController->run('omar')
#2 /var/www/yii/framework/web/CWebApplication.php(135): CWebApplication->runController('customerMaster/...')
#3 /var/www/yii/framework/base/CApplication.php(162): CWebApplication->processRequest()
#4 /var/www/testdrive/index.php(12): CApplication->run()
#5 {main}
REQUEST_URI=/testdrive/index.php/customerMaster/omar
HTTP_REFERER=http://localhost/testdrive/index.php/customerMaster/admin
---
2012/07/02 10:09:10 [error] [php] Object of class SiteController could not be converted to string (/var/www/testdrive/protected/views/site/index.php:16)
Stack trace:
#0 /var/www/yii/framework/web/CController.php(870): SiteController->renderFile()
#1 /var/www/yii/framework/web/CController.php(783): SiteController->renderPartial()
#2 /var/www/testdrive/protected/controllers/SiteController.php(32): SiteController->render()
#3 /var/www/yii/framework/web/actions/CInlineAction.php(50): SiteController->actionIndex()
#4 /var/www/yii/framework/web/CController.php(309): CInlineAction->runWithParams()
#5 /var/www/yii/framework/web/CController.php(287): SiteController->runAction()
#6 /var/www/yii/framework/web/CController.php(266): SiteController->runActionWithFilters()
#7 /var/www/yii/framework/web/CWebApplication.php(276): SiteController->run()
#8 /var/www/yii/framework/web/CWebApplication.php(135): CWebApplication->runController()
#9 /var/www/yii/framework/base/CApplication.php(162): CWebApplication->processRequest()
#10 /var/www/testdrive/index.php(12): CWebApplication->run()
REQUEST_URI=/testdrive/
in /var/www/testdrive/protected/views/site/index.php (16)
in /var/www/testdrive/protected/controllers/SiteController.php (32)
in /var/www/testdrive/index.php (12)
2012/07/02 16:31:59 [warning] [application] Failed to set unsafe attribute "DateofBirth" of "CustomerMaster".
in /var/www/testdrive/protected/controllers/CustomerMasterController.php (71)
in /var/www/testdrive/index.php (12)
2012/07/02 16:31:59 [warning] [application] Failed to set unsafe attribute "Signature" of "CustomerMaster".
in /var/www/testdrive/protected/controllers/CustomerMasterController.php (71)
in /var/www/testdrive/index.php (12)
2012/07/02 16:32:02 [warning] [application] Failed to set unsafe attribute "DateofBirth" of "CustomerMaster".
in /var/www/testdrive/protected/controllers/CustomerMasterController.php (71)
in /var/www/testdrive/index.php (12)
2012/07/02 16:32:02 [warning] [application] Failed to set unsafe attribute "Signature" of "CustomerMaster".
in /var/www/testdrive/protected/controllers/CustomerMasterController.php (71)
in /var/www/testdrive/index.php (12)
2012/07/02 16:32:23 [warning] [application] Failed to set unsafe attribute "DateofBirth" of "CustomerMaster".
in /var/www/testdrive/protected/controllers/CustomerMasterController.php (71)
in /var/www/testdrive/index.php (12)
2012/07/02 16:32:23 [warning] [application] Failed to set unsafe attribute "Signature" of "CustomerMaster".
in /var/www/testdrive/protected/controllers/CustomerMasterController.php (71)
in /var/www/testdrive/index.php (12)
2012/07/02 16:32:58 [error] [exception.CHttpException.404] exception 'CHttpException' with message 'The system is unable to find the requested action "omar".' in /var/www/yii/framework/web/CController.php:484
Stack trace:
#0 /var/www/yii/framework/web/CController.php(271): CController->missingAction('omar')
#1 /var/www/yii/framework/web/CWebApplication.php(276): CController->run('omar')
#2 /var/www/yii/framework/web/CWebApplication.php(135): CWebApplication->runController('customerMaster/...')
#3 /var/www/yii/framework/base/CApplication.php(162): CWebApplication->processRequest()
#4 /var/www/testdrive/index.php(12): CApplication->run()
#5 {main}
REQUEST_URI=/testdrive/index.php/customerMaster/omar
HTTP_REFERER=http://localhost/testdrive/index.php/customerMaster/admin
---
2012/07/04 09:59:15 [error] [exception.CHttpException.404] exception 'CHttpException' with message 'The system is unable to find the requested action "abc".' in /var/www/yii/framework/web/CController.php:484
Stack trace:
#0 /var/www/yii/framework/web/CController.php(271): CController->missingAction('abc')
#1 /var/www/yii/framework/web/CWebApplication.php(276): CController->run('abc')
#2 /var/www/yii/framework/web/CWebApplication.php(135): CWebApplication->runController('LandMaster/abc/...')
#3 /var/www/yii/framework/base/CApplication.php(162): CWebApplication->processRequest()
#4 /var/www/testdrive/index.php(12): CApplication->run()
#5 {main}
REQUEST_URI=/testdrive/index.php/LandMaster/abc/create
---
2012/07/04 10:34:03 [error] [exception.CHttpException.403] exception 'CHttpException' with message 'You are not authorized to perform this action.' in /var/www/yii/framework/web/auth/CAccessControlFilter.php:157
Stack trace:
#0 /var/www/yii/framework/web/auth/CAccessControlFilter.php(120): CAccessControlFilter->accessDenied(Object(CWebUser), 'You are not aut...')
#1 /var/www/yii/framework/web/filters/CFilter.php(39): CAccessControlFilter->preFilter(Object(CFilterChain))
#2 /var/www/yii/framework/web/CController.php(1146): CFilter->filter(Object(CFilterChain))
#3 /var/www/yii/framework/web/filters/CInlineFilter.php(59): CController->filterAccessControl(Object(CFilterChain))
#4 /var/www/yii/framework/web/filters/CFilterChain.php(131): CInlineFilter->filter(Object(CFilterChain))
#5 /var/www/yii/framework/web/CController.php(292): CFilterChain->run()
#6 /var/www/yii/framework/web/CController.php(266): CController->runActionWithFilters(Object(CInlineAction), Array)
#7 /var/www/yii/framework/web/CWebApplication.php(276): CController->run('omar')
#8 /var/www/yii/framework/web/CWebApplication.php(135): CWebApplication->runController('landMaster/omar')
#9 /var/www/yii/framework/base/CApplication.php(162): CWebApplication->processRequest()
#10 /var/www/testdrive/index.php(12): CApplication->run()
#11 {main}
REQUEST_URI=/testdrive/index.php/landMaster/omar
---
2012/07/04 10:34:50 [error] [exception.CHttpException.403] exception 'CHttpException' with message 'You are not authorized to perform this action.' in /var/www/yii/framework/web/auth/CAccessControlFilter.php:157
Stack trace:
#0 /var/www/yii/framework/web/auth/CAccessControlFilter.php(120): CAccessControlFilter->accessDenied(Object(CWebUser), 'You are not aut...')
#1 /var/www/yii/framework/web/filters/CFilter.php(39): CAccessControlFilter->preFilter(Object(CFilterChain))
#2 /var/www/yii/framework/web/CController.php(1146): CFilter->filter(Object(CFilterChain))
#3 /var/www/yii/framework/web/filters/CInlineFilter.php(59): CController->filterAccessControl(Object(CFilterChain))
#4 /var/www/yii/framework/web/filters/CFilterChain.php(131): CInlineFilter->filter(Object(CFilterChain))
#5 /var/www/yii/framework/web/CController.php(292): CFilterChain->run()
#6 /var/www/yii/framework/web/CController.php(266): CController->runActionWithFilters(Object(CInlineAction), Array)
#7 /var/www/yii/framework/web/CWebApplication.php(276): CController->run('omar')
#8 /var/www/yii/framework/web/CWebApplication.php(135): CWebApplication->runController('landMaster/omar')
#9 /var/www/yii/framework/base/CApplication.php(162): CWebApplication->processRequest()
#10 /var/www/testdrive/index.php(12): CApplication->run()
#11 {main}
REQUEST_URI=/testdrive/index.php/landMaster/omar
---
2012/07/04 10:34:51 [error] [exception.CHttpException.403] exception 'CHttpException' with message 'You are not authorized to perform this action.' in /var/www/yii/framework/web/auth/CAccessControlFilter.php:157
Stack trace:
#0 /var/www/yii/framework/web/auth/CAccessControlFilter.php(120): CAccessControlFilter->accessDenied(Object(CWebUser), 'You are not aut...')
#1 /var/www/yii/framework/web/filters/CFilter.php(39): CAccessControlFilter->preFilter(Object(CFilterChain))
#2 /var/www/yii/framework/web/CController.php(1146): CFilter->filter(Object(CFilterChain))
#3 /var/www/yii/framework/web/filters/CInlineFilter.php(59): CController->filterAccessControl(Object(CFilterChain))
#4 /var/www/yii/framework/web/filters/CFilterChain.php(131): CInlineFilter->filter(Object(CFilterChain))
#5 /var/www/yii/framework/web/CController.php(292): CFilterChain->run()
#6 /var/www/yii/framework/web/CController.php(266): CController->runActionWithFilters(Object(CInlineAction), Array)
#7 /var/www/yii/framework/web/CWebApplication.php(276): CController->run('omar')
#8 /var/www/yii/framework/web/CWebApplication.php(135): CWebApplication->runController('landMaster/omar')
#9 /var/www/yii/framework/base/CApplication.php(162): CWebApplication->processRequest()
#10 /var/www/testdrive/index.php(12): CApplication->run()
#11 {main}
REQUEST_URI=/testdrive/index.php/landMaster/omar
---
2012/07/04 10:35:29 [error] [exception.CHttpException.403] exception 'CHttpException' with message 'You are not authorized to perform this action.' in /var/www/yii/framework/web/auth/CAccessControlFilter.php:157
Stack trace:
#0 /var/www/yii/framework/web/auth/CAccessControlFilter.php(120): CAccessControlFilter->accessDenied(Object(CWebUser), 'You are not aut...')
#1 /var/www/yii/framework/web/filters/CFilter.php(39): CAccessControlFilter->preFilter(Object(CFilterChain))
#2 /var/www/yii/framework/web/CController.php(1146): CFilter->filter(Object(CFilterChain))
#3 /var/www/yii/framework/web/filters/CInlineFilter.php(59): CController->filterAccessControl(Object(CFilterChain))
#4 /var/www/yii/framework/web/filters/CFilterChain.php(131): CInlineFilter->filter(Object(CFilterChain))
#5 /var/www/yii/framework/web/CController.php(292): CFilterChain->run()
#6 /var/www/yii/framework/web/CController.php(266): CController->runActionWithFilters(Object(CInlineAction), Array)
#7 /var/www/yii/framework/web/CWebApplication.php(276): CController->run('omar')
#8 /var/www/yii/framework/web/CWebApplication.php(135): CWebApplication->runController('landMaster/omar')
#9 /var/www/yii/framework/base/CApplication.php(162): CWebApplication->processRequest()
#10 /var/www/testdrive/index.php(12): CApplication->run()
#11 {main}
REQUEST_URI=/testdrive/index.php/landMaster/omar
---
2012/07/04 10:35:36 [error] [exception.CHttpException.403] exception 'CHttpException' with message 'You are not authorized to perform this action.' in /var/www/yii/framework/web/auth/CAccessControlFilter.php:157
Stack trace:
#0 /var/www/yii/framework/web/auth/CAccessControlFilter.php(120): CAccessControlFilter->accessDenied(Object(CWebUser), 'You are not aut...')
#1 /var/www/yii/framework/web/filters/CFilter.php(39): CAccessControlFilter->preFilter(Object(CFilterChain))
#2 /var/www/yii/framework/web/CController.php(1146): CFilter->filter(Object(CFilterChain))
#3 /var/www/yii/framework/web/filters/CInlineFilter.php(59): CController->filterAccessControl(Object(CFilterChain))
#4 /var/www/yii/framework/web/filters/CFilterChain.php(131): CInlineFilter->filter(Object(CFilterChain))
#5 /var/www/yii/framework/web/CController.php(292): CFilterChain->run()
#6 /var/www/yii/framework/web/CController.php(266): CController->runActionWithFilters(Object(CInlineAction), Array)
#7 /var/www/yii/framework/web/CWebApplication.php(276): CController->run('omar')
#8 /var/www/yii/framework/web/CWebApplication.php(135): CWebApplication->runController('landMaster/omar')
#9 /var/www/yii/framework/base/CApplication.php(162): CWebApplication->processRequest()
#10 /var/www/testdrive/index.php(12): CApplication->run()
#11 {main}
REQUEST_URI=/testdrive/index.php/landMaster/omar
---
2012/07/04 10:40:34 [error] [php] Object of class CInlineAction could not be converted to string (/var/www/testdrive/protected/views/landMaster/omar.php:2)
Stack trace:
#0 /var/www/yii/framework/web/CController.php(870): LandMasterController->renderFile()
#1 /var/www/yii/framework/web/CController.php(783): LandMasterController->renderPartial()
#2 /var/www/testdrive/protected/controllers/LandMasterController.php(54): LandMasterController->render()
#3 /var/www/yii/framework/web/actions/CInlineAction.php(50): LandMasterController->actionOmar()
#4 /var/www/yii/framework/web/CController.php(309): CInlineAction->runWithParams()
#5 /var/www/yii/framework/web/filters/CFilterChain.php(134): LandMasterController->runAction()
#6 /var/www/yii/framework/web/filters/CFilter.php(41): CFilterChain->run()
#7 /var/www/yii/framework/web/CController.php(1146): CAccessControlFilter->filter()
#8 /var/www/yii/framework/web/filters/CInlineFilter.php(59): LandMasterController->filterAccessControl()
#9 /var/www/yii/framework/web/filters/CFilterChain.php(131): CInlineFilter->filter()
#10 /var/www/yii/framework/web/CController.php(292): CFilterChain->run()
#11 /var/www/yii/framework/web/CController.php(266): LandMasterController->runActionWithFilters()
#12 /var/www/yii/framework/web/CWebApplication.php(276): LandMasterController->run()
#13 /var/www/yii/framework/web/CWebApplication.php(135): CWebApplication->runController()
#14 /var/www/yii/framework/base/CApplication.php(162): CWebApplication->processRequest()
#15 /var/www/testdrive/index.php(12): CWebApplication->run()
REQUEST_URI=/testdrive/index.php/landMaster/omar
in /var/www/testdrive/protected/views/landMaster/omar.php (2)
in /var/www/testdrive/protected/controllers/LandMasterController.php (54)
in /var/www/testdrive/index.php (12)
2012/07/04 10:49:41 [error] [exception.CException] exception 'CException' with message 'CMaskedTextField must specify "model" and "attribute" or "name" property values.' in /var/www/yii/framework/web/widgets/CInputWidget.php:61
Stack trace:
#0 /var/www/yii/framework/web/widgets/CMaskedTextField.php(62): CInputWidget->resolveNameID()
#1 /var/www/yii/framework/web/CBaseController.php(174): CMaskedTextField->run()
#2 /var/www/testdrive/protected/views/landMaster/omar.php(6): CBaseController->widget('CMaskedTextFiel...', Array)
#3 /var/www/yii/framework/web/CBaseController.php(127): require('/var/www/testdr...')
#4 /var/www/yii/framework/web/CBaseController.php(96): CBaseController->renderInternal('/var/www/testdr...', NULL, true)
#5 /var/www/yii/framework/web/CController.php(870): CBaseController->renderFile('/var/www/testdr...', NULL, true)
#6 /var/www/yii/framework/web/CController.php(783): CController->renderPartial('omar', NULL, true)
#7 /var/www/testdrive/protected/controllers/LandMasterController.php(55): CController->render('omar')
#8 /var/www/yii/framework/web/actions/CInlineAction.php(50): LandMasterController->actionOmar()
#9 /var/www/yii/framework/web/CController.php(309): CInlineAction->runWithParams(Array)
#10 /var/www/yii/framework/web/filters/CFilterChain.php(134): CController->runAction(Object(CInlineAction))
#11 /var/www/yii/framework/web/filters/CFilter.php(41): CFilterChain->run()
#12 /var/www/yii/framework/web/CController.php(1146): CFilter->filter(Object(CFilterChain))
#13 /var/www/yii/framework/web/filters/CInlineFilter.php(59): CController->filterAccessControl(Object(CFilterChain))
#14 /var/www/yii/framework/web/filters/CFilterChain.php(131): CInlineFilter->filter(Object(CFilterChain))
#15 /var/www/yii/framework/web/CController.php(292): CFilterChain->run()
#16 /var/www/yii/framework/web/CController.php(266): CController->runActionWithFilters(Object(CInlineAction), Array)
#17 /var/www/yii/framework/web/CWebApplication.php(276): CController->run('omar')
#18 /var/www/yii/framework/web/CWebApplication.php(135): CWebApplication->runController('landMaster/omar')
#19 /var/www/yii/framework/base/CApplication.php(162): CWebApplication->processRequest()
#20 /var/www/testdrive/index.php(12): CApplication->run()
#21 {main}
REQUEST_URI=/testdrive/index.php/landMaster/omar
---
2012/07/04 10:51:15 [error] [php] Undefined variable: model (/var/www/testdrive/protected/views/landMaster/omar.php:5)
Stack trace:
#0 /var/www/yii/framework/web/CController.php(870): LandMasterController->renderFile()
#1 /var/www/yii/framework/web/CController.php(783): LandMasterController->renderPartial()
#2 /var/www/testdrive/protected/controllers/LandMasterController.php(55): LandMasterController->render()
#3 /var/www/yii/framework/web/actions/CInlineAction.php(50): LandMasterController->actionOmar()
#4 /var/www/yii/framework/web/CController.php(309): CInlineAction->runWithParams()
#5 /var/www/yii/framework/web/filters/CFilterChain.php(134): LandMasterController->runAction()
#6 /var/www/yii/framework/web/filters/CFilter.php(41): CFilterChain->run()
#7 /var/www/yii/framework/web/CController.php(1146): CAccessControlFilter->filter()
#8 /var/www/yii/framework/web/filters/CInlineFilter.php(59): LandMasterController->filterAccessControl()
#9 /var/www/yii/framework/web/filters/CFilterChain.php(131): CInlineFilter->filter()
#10 /var/www/yii/framework/web/CController.php(292): CFilterChain->run()
#11 /var/www/yii/framework/web/CController.php(266): LandMasterController->runActionWithFilters()
#12 /var/www/yii/framework/web/CWebApplication.php(276): LandMasterController->run()
#13 /var/www/yii/framework/web/CWebApplication.php(135): CWebApplication->runController()
#14 /var/www/yii/framework/base/CApplication.php(162): CWebApplication->processRequest()
#15 /var/www/testdrive/index.php(12): CWebApplication->run()
REQUEST_URI=/testdrive/index.php/landMaster/omar
in /var/www/testdrive/protected/views/landMaster/omar.php (5)
in /var/www/testdrive/protected/controllers/LandMasterController.php (55)
in /var/www/testdrive/index.php (12)
2012/07/04 10:52:14 [error] [php] Undefined variable: model (/var/www/testdrive/protected/views/landMaster/omar.php:5)
Stack trace:
#0 /var/www/yii/framework/web/CController.php(870): LandMasterController->renderFile()
#1 /var/www/yii/framework/web/CController.php(783): LandMasterController->renderPartial()
#2 /var/www/testdrive/protected/controllers/LandMasterController.php(56): LandMasterController->render()
#3 /var/www/yii/framework/web/actions/CInlineAction.php(50): LandMasterController->actionOmar()
#4 /var/www/yii/framework/web/CController.php(309): CInlineAction->runWithParams()
#5 /var/www/yii/framework/web/filters/CFilterChain.php(134): LandMasterController->runAction()
#6 /var/www/yii/framework/web/filters/CFilter.php(41): CFilterChain->run()
#7 /var/www/yii/framework/web/CController.php(1146): CAccessControlFilter->filter()
#8 /var/www/yii/framework/web/filters/CInlineFilter.php(59): LandMasterController->filterAccessControl()
#9 /var/www/yii/framework/web/filters/CFilterChain.php(131): CInlineFilter->filter()
#10 /var/www/yii/framework/web/CController.php(292): CFilterChain->run()
#11 /var/www/yii/framework/web/CController.php(266): LandMasterController->runActionWithFilters()
#12 /var/www/yii/framework/web/CWebApplication.php(276): LandMasterController->run()
#13 /var/www/yii/framework/web/CWebApplication.php(135): CWebApplication->runController()
#14 /var/www/yii/framework/base/CApplication.php(162): CWebApplication->processRequest()
#15 /var/www/testdrive/index.php(12): CWebApplication->run()
REQUEST_URI=/testdrive/index.php/landMaster/omar
in /var/www/testdrive/protected/views/landMaster/omar.php (5)
in /var/www/testdrive/protected/controllers/LandMasterController.php (56)
in /var/www/testdrive/index.php (12)
2012/07/04 10:52:15 [error] [php] Undefined variable: model (/var/www/testdrive/protected/views/landMaster/omar.php:5)
Stack trace:
#0 /var/www/yii/framework/web/CController.php(870): LandMasterController->renderFile()
#1 /var/www/yii/framework/web/CController.php(783): LandMasterController->renderPartial()
#2 /var/www/testdrive/protected/controllers/LandMasterController.php(56): LandMasterController->render()
#3 /var/www/yii/framework/web/actions/CInlineAction.php(50): LandMasterController->actionOmar()
#4 /var/www/yii/framework/web/CController.php(309): CInlineAction->runWithParams()
#5 /var/www/yii/framework/web/filters/CFilterChain.php(134): LandMasterController->runAction()
#6 /var/www/yii/framework/web/filters/CFilter.php(41): CFilterChain->run()
#7 /var/www/yii/framework/web/CController.php(1146): CAccessControlFilter->filter()
#8 /var/www/yii/framework/web/filters/CInlineFilter.php(59): LandMasterController->filterAccessControl()
#9 /var/www/yii/framework/web/filters/CFilterChain.php(131): CInlineFilter->filter()
#10 /var/www/yii/framework/web/CController.php(292): CFilterChain->run()
#11 /var/www/yii/framework/web/CController.php(266): LandMasterController->runActionWithFilters()
#12 /var/www/yii/framework/web/CWebApplication.php(276): LandMasterController->run()
#13 /var/www/yii/framework/web/CWebApplication.php(135): CWebApplication->runController()
#14 /var/www/yii/framework/base/CApplication.php(162): CWebApplication->processRequest()
#15 /var/www/testdrive/index.php(12): CWebApplication->run()
REQUEST_URI=/testdrive/index.php/landMaster/omar
in /var/www/testdrive/protected/views/landMaster/omar.php (5)
in /var/www/testdrive/protected/controllers/LandMasterController.php (56)
in /var/www/testdrive/index.php (12)
2012/07/04 10:52:50 [error] [exception.CException] exception 'CException' with message 'Property "LandMaster.aluguel" is not defined.' in /var/www/yii/framework/base/CComponent.php:131
Stack trace:
#0 /var/www/yii/framework/db/ar/CActiveRecord.php(144): CComponent->__get('aluguel')
#1 /var/www/yii/framework/web/helpers/CHtml.php(2044): CActiveRecord->__get('aluguel')
#2 /var/www/yii/framework/web/helpers/CHtml.php(1774): CHtml::resolveValue(Object(LandMaster), 'aluguel')
#3 /var/www/yii/framework/web/helpers/CHtml.php(1205): CHtml::activeInputField('text', Object(LandMaster), 'aluguel', Array)
#4 /var/www/yii/framework/web/widgets/CMaskedTextField.php(73): CHtml::activeTextField(Object(LandMaster), 'aluguel', Array)
#5 /var/www/yii/framework/web/CBaseController.php(174): CMaskedTextField->run()
#6 /var/www/testdrive/protected/views/landMaster/omar.php(9): CBaseController->widget('CMaskedTextFiel...', Array)
#7 /var/www/yii/framework/web/CBaseController.php(127): require('/var/www/testdr...')
#8 /var/www/yii/framework/web/CBaseController.php(96): CBaseController->renderInternal('/var/www/testdr...', Array, true)
#9 /var/www/yii/framework/web/CController.php(870): CBaseController->renderFile('/var/www/testdr...', Array, true)
#10 /var/www/yii/framework/web/CController.php(783): CController->renderPartial('omar', Array, true)
#11 /var/www/testdrive/protected/controllers/LandMasterController.php(56): CController->render('omar', Array)
#12 /var/www/yii/framework/web/actions/CInlineAction.php(50): LandMasterController->actionOmar()
#13 /var/www/yii/framework/web/CController.php(309): CInlineAction->runWithParams(Array)
#14 /var/www/yii/framework/web/filters/CFilterChain.php(134): CController->runAction(Object(CInlineAction))
#15 /var/www/yii/framework/web/filters/CFilter.php(41): CFilterChain->run()
#16 /var/www/yii/framework/web/CController.php(1146): CFilter->filter(Object(CFilterChain))
#17 /var/www/yii/framework/web/filters/CInlineFilter.php(59): CController->filterAccessControl(Object(CFilterChain))
#18 /var/www/yii/framework/web/filters/CFilterChain.php(131): CInlineFilter->filter(Object(CFilterChain))
#19 /var/www/yii/framework/web/CController.php(292): CFilterChain->run()
#20 /var/www/yii/framework/web/CController.php(266): CController->runActionWithFilters(Object(CInlineAction), Array)
#21 /var/www/yii/framework/web/CWebApplication.php(276): CController->run('omar')
#22 /var/www/yii/framework/web/CWebApplication.php(135): CWebApplication->runController('landMaster/omar')
#23 /var/www/yii/framework/base/CApplication.php(162): CWebApplication->processRequest()
#24 /var/www/testdrive/index.php(12): CApplication->run()
#25 {main}
REQUEST_URI=/testdrive/index.php/landMaster/omar
---
2012/07/04 10:53:25 [error] [exception.CException] exception 'CException' with message 'Property "LandMaster.LandID" is not defined.' in /var/www/yii/framework/base/CComponent.php:131
Stack trace:
#0 /var/www/yii/framework/db/ar/CActiveRecord.php(144): CComponent->__get('LandID')
#1 /var/www/yii/framework/web/helpers/CHtml.php(2044): CActiveRecord->__get('LandID')
#2 /var/www/yii/framework/web/helpers/CHtml.php(1774): CHtml::resolveValue(Object(LandMaster), 'LandID')
#3 /var/www/yii/framework/web/helpers/CHtml.php(1205): CHtml::activeInputField('text', Object(LandMaster), 'LandID', Array)
#4 /var/www/yii/framework/web/widgets/CMaskedTextField.php(73): CHtml::activeTextField(Object(LandMaster), 'LandID', Array)
#5 /var/www/yii/framework/web/CBaseController.php(174): CMaskedTextField->run()
#6 /var/www/testdrive/protected/views/landMaster/omar.php(9): CBaseController->widget('CMaskedTextFiel...', Array)
#7 /var/www/yii/framework/web/CBaseController.php(127): require('/var/www/testdr...')
#8 /var/www/yii/framework/web/CBaseController.php(96): CBaseController->renderInternal('/var/www/testdr...', Array, true)
#9 /var/www/yii/framework/web/CController.php(870): CBaseController->renderFile('/var/www/testdr...', Array, true)
#10 /var/www/yii/framework/web/CController.php(783): CController->renderPartial('omar', Array, true)
#11 /var/www/testdrive/protected/controllers/LandMasterController.php(56): CController->render('omar', Array)
#12 /var/www/yii/framework/web/actions/CInlineAction.php(50): LandMasterController->actionOmar()
#13 /var/www/yii/framework/web/CController.php(309): CInlineAction->runWithParams(Array)
#14 /var/www/yii/framework/web/filters/CFilterChain.php(134): CController->runAction(Object(CInlineAction))
#15 /var/www/yii/framework/web/filters/CFilter.php(41): CFilterChain->run()
#16 /var/www/yii/framework/web/CController.php(1146): CFilter->filter(Object(CFilterChain))
#17 /var/www/yii/framework/web/filters/CInlineFilter.php(59): CController->filterAccessControl(Object(CFilterChain))
#18 /var/www/yii/framework/web/filters/CFilterChain.php(131): CInlineFilter->filter(Object(CFilterChain))
#19 /var/www/yii/framework/web/CController.php(292): CFilterChain->run()
#20 /var/www/yii/framework/web/CController.php(266): CController->runActionWithFilters(Object(CInlineAction), Array)
#21 /var/www/yii/framework/web/CWebApplication.php(276): CController->run('omar')
#22 /var/www/yii/framework/web/CWebApplication.php(135): CWebApplication->runController('landMaster/omar')
#23 /var/www/yii/framework/base/CApplication.php(162): CWebApplication->processRequest()
#24 /var/www/testdrive/index.php(12): CApplication->run()
#25 {main}
REQUEST_URI=/testdrive/index.php/landMaster/omar
---
2012/07/04 10:53:32 [error] [exception.CException] exception 'CException' with message 'Property "LandMaster.type" is not defined.' in /var/www/yii/framework/base/CComponent.php:131
Stack trace:
#0 /var/www/yii/framework/db/ar/CActiveRecord.php(144): CComponent->__get('type')
#1 /var/www/yii/framework/web/helpers/CHtml.php(2044): CActiveRecord->__get('type')
#2 /var/www/yii/framework/web/helpers/CHtml.php(1774): CHtml::resolveValue(Object(LandMaster), 'type')
#3 /var/www/yii/framework/web/helpers/CHtml.php(1205): CHtml::activeInputField('text', Object(LandMaster), 'type', Array)
#4 /var/www/yii/framework/web/widgets/CMaskedTextField.php(73): CHtml::activeTextField(Object(LandMaster), 'type', Array)
#5 /var/www/yii/framework/web/CBaseController.php(174): CMaskedTextField->run()
#6 /var/www/testdrive/protected/views/landMaster/omar.php(9): CBaseController->widget('CMaskedTextFiel...', Array)
#7 /var/www/yii/framework/web/CBaseController.php(127): require('/var/www/testdr...')
#8 /var/www/yii/framework/web/CBaseController.php(96): CBaseController->renderInternal('/var/www/testdr...', Array, true)
#9 /var/www/yii/framework/web/CController.php(870): CBaseController->renderFile('/var/www/testdr...', Array, true)
#10 /var/www/yii/framework/web/CController.php(783): CController->renderPartial('omar', Array, true)
#11 /var/www/testdrive/protected/controllers/LandMasterController.php(56): CController->render('omar', Array)
#12 /var/www/yii/framework/web/actions/CInlineAction.php(50): LandMasterController->actionOmar()
#13 /var/www/yii/framework/web/CController.php(309): CInlineAction->runWithParams(Array)
#14 /var/www/yii/framework/web/filters/CFilterChain.php(134): CController->runAction(Object(CInlineAction))
#15 /var/www/yii/framework/web/filters/CFilter.php(41): CFilterChain->run()
#16 /var/www/yii/framework/web/CController.php(1146): CFilter->filter(Object(CFilterChain))
#17 /var/www/yii/framework/web/filters/CInlineFilter.php(59): CController->filterAccessControl(Object(CFilterChain))
#18 /var/www/yii/framework/web/filters/CFilterChain.php(131): CInlineFilter->filter(Object(CFilterChain))
#19 /var/www/yii/framework/web/CController.php(292): CFilterChain->run()
#20 /var/www/yii/framework/web/CController.php(266): CController->runActionWithFilters(Object(CInlineAction), Array)
#21 /var/www/yii/framework/web/CWebApplication.php(276): CController->run('omar')
#22 /var/www/yii/framework/web/CWebApplication.php(135): CWebApplication->runController('landMaster/omar')
#23 /var/www/yii/framework/base/CApplication.php(162): CWebApplication->processRequest()
#24 /var/www/testdrive/index.php(12): CApplication->run()
#25 {main}
REQUEST_URI=/testdrive/index.php/landMaster/omar
---
